<?xml version="1.0" encoding="UTF-8"?>
<!-- Generated by org.testng.reporters.JUnitXMLReporter -->
<testsuite ignored="0" hostname="Desktop" failures="1" tests="1" name="Test" time="3.075" errors="0" timestamp="2026-01-10T11:28:09 IST">
  <testcase classname="TestBase.BaseClass" name="@BeforeClass setup" time="-1.768024686575E9">
    <failure type="org.testng.TestNGException" message="
Parameter &amp;apos;os&amp;apos; is required by BeforeClass on method setup but has not been marked @Optional or defined
in D:\Data\SeleniumWebdriver\OpencartV141\testng.xml">
      <![CDATA[org.testng.TestNGException: 
Parameter 'os' is required by BeforeClass on method setup but has not been marked @Optional or defined
in D:\Data\SeleniumWebdriver\OpencartV141\testng.xml
at java.base/java.util.ArrayList.forEach(ArrayList.java:1511)
... Removed 22 stack frames]]>
    </failure>
  </testcase> <!-- @BeforeClass setup -->
  <testcase classname="TestBase.BaseClass" name="@AfterClass teardown" time="0.0">
    <skipped/>
  </testcase> <!-- @AfterClass teardown -->
  <testcase classname="testCases.TC003_LoginDDT" name="verfiy_loginDDT" time="0.0">
    <failure type="java.lang.RuntimeException" message="java.lang.ArrayIndexOutOfBoundsException: Index 3 out of bounds for length 3">
      <![CDATA[java.lang.RuntimeException: java.lang.ArrayIndexOutOfBoundsException: Index 3 out of bounds for length 3
at java.base/java.util.ArrayList.forEach(ArrayList.java:1511)
Caused by: java.lang.ArrayIndexOutOfBoundsException: Index 3 out of bounds for length 3
at utilities.DataProviders.getData(DataProviders.java:25)
... 25 more
... Removed 32 stack frames]]>
    </failure>
  </testcase> <!-- verfiy_loginDDT -->
</testsuite> <!-- Test -->
